24-02-23 15:09:26.256 : 03_LKFN
24-02-23 15:09:26.755 : 0000001.png - PSNR: 25.67 dB
24-02-23 15:09:26.829 : 0000002.png - PSNR: 21.01 dB
24-02-23 15:09:26.913 : 0000003.png - PSNR: 26.41 dB
24-02-23 15:09:26.981 : 0000004.png - PSNR: 24.11 dB
24-02-23 15:09:27.089 : 0000005.png - PSNR: 25.07 dB
24-02-23 15:09:27.180 : 0000006.png - PSNR: 20.38 dB
24-02-23 15:09:27.244 : 0000007.png - PSNR: 19.23 dB
24-02-23 15:09:27.291 : 0000008.png - PSNR: 23.38 dB
24-02-23 15:09:27.349 : 0000009.png - PSNR: 23.22 dB
24-02-23 15:09:27.413 : 0000010.png - PSNR: 20.89 dB
24-02-23 15:09:27.478 : 0000011.png - PSNR: 25.67 dB
24-02-23 15:09:27.555 : 0000012.png - PSNR: 25.03 dB
24-02-23 15:09:27.645 : 0000013.png - PSNR: 25.49 dB
24-02-23 15:09:27.709 : 0000014.png - PSNR: 24.77 dB
24-02-23 15:09:27.754 : 0000015.png - PSNR: 22.89 dB
24-02-23 15:09:27.832 : 0000016.png - PSNR: 20.99 dB
24-02-23 15:09:27.909 : 0000017.png - PSNR: 22.60 dB
24-02-23 15:09:28.005 : 0000018.png - PSNR: 25.82 dB
24-02-23 15:09:28.104 : 0000019.png - PSNR: 22.59 dB
24-02-23 15:09:28.203 : 0000020.png - PSNR: 24.99 dB
24-02-23 15:09:28.280 : 0000021.png - PSNR: 24.20 dB
24-02-23 15:09:28.354 : 0000022.png - PSNR: 26.04 dB
24-02-23 15:09:28.437 : 0000023.png - PSNR: 31.44 dB
24-02-23 15:09:28.495 : 0000024.png - PSNR: 20.93 dB
24-02-23 15:09:28.566 : 0000025.png - PSNR: 25.80 dB
24-02-23 15:09:28.622 : 0000026.png - PSNR: 31.62 dB
24-02-23 15:09:28.682 : 0000027.png - PSNR: 22.47 dB
24-02-23 15:09:28.741 : 0000028.png - PSNR: 20.82 dB
24-02-23 15:09:28.809 : 0000029.png - PSNR: 24.57 dB
24-02-23 15:09:28.895 : 0000030.png - PSNR: 23.35 dB
24-02-23 15:09:28.955 : 0000031.png - PSNR: 35.47 dB
24-02-23 15:09:29.019 : 0000032.png - PSNR: 21.39 dB
24-02-23 15:09:29.084 : 0000033.png - PSNR: 24.68 dB
24-02-23 15:09:29.120 : 0000034.png - PSNR: 21.72 dB
24-02-23 15:09:29.163 : 0000035.png - PSNR: 27.42 dB
24-02-23 15:09:29.216 : 0000036.png - PSNR: 21.09 dB
24-02-23 15:09:29.300 : 0000037.png - PSNR: 23.55 dB
24-02-23 15:09:29.375 : 0000038.png - PSNR: 23.55 dB
24-02-23 15:09:29.461 : 0000039.png - PSNR: 22.45 dB
24-02-23 15:09:29.519 : 0000040.png - PSNR: 33.45 dB
24-02-23 15:09:29.586 : 0000041.png - PSNR: 24.83 dB
24-02-23 15:09:29.647 : 0000042.png - PSNR: 21.81 dB
24-02-23 15:09:29.739 : 0000043.png - PSNR: 23.08 dB
24-02-23 15:09:29.829 : 0000044.png - PSNR: 24.05 dB
24-02-23 15:09:29.875 : 0000045.png - PSNR: 25.21 dB
24-02-23 15:09:29.963 : 0000046.png - PSNR: 26.37 dB
24-02-23 15:09:30.097 : 0000047.png - PSNR: 21.21 dB
24-02-23 15:09:30.312 : 0000048.png - PSNR: 29.36 dB
24-02-23 15:09:30.527 : 0000049.png - PSNR: 24.80 dB
24-02-23 15:09:30.642 : 0000050.png - PSNR: 29.71 dB
24-02-23 15:09:30.702 : 0000051.png - PSNR: 23.70 dB
24-02-23 15:09:30.846 : 0000052.png - PSNR: 26.27 dB
24-02-23 15:09:31.086 : 0000053.png - PSNR: 32.04 dB
24-02-23 15:09:31.225 : 0000054.png - PSNR: 27.93 dB
24-02-23 15:09:31.288 : 0000055.png - PSNR: 27.16 dB
24-02-23 15:09:31.371 : 0000056.png - PSNR: 24.70 dB
24-02-23 15:09:31.430 : 0000057.png - PSNR: 22.60 dB
24-02-23 15:09:31.531 : 0000058.png - PSNR: 19.10 dB
24-02-23 15:09:31.643 : 0000059.png - PSNR: 23.21 dB
24-02-23 15:09:31.736 : 0000060.png - PSNR: 22.78 dB
24-02-23 15:09:31.830 : 0000061.png - PSNR: 23.86 dB
24-02-23 15:09:31.913 : 0000062.png - PSNR: 20.80 dB
24-02-23 15:09:31.975 : 0000063.png - PSNR: 21.39 dB
24-02-23 15:09:32.063 : 0000064.png - PSNR: 28.44 dB
24-02-23 15:09:32.155 : 0000065.png - PSNR: 21.17 dB
24-02-23 15:09:32.242 : 0000066.png - PSNR: 24.07 dB
24-02-23 15:09:32.305 : 0000067.png - PSNR: 22.99 dB
24-02-23 15:09:32.371 : 0000068.png - PSNR: 26.63 dB
24-02-23 15:09:32.448 : 0000069.png - PSNR: 29.29 dB
24-02-23 15:09:32.527 : 0000070.png - PSNR: 30.14 dB
24-02-23 15:09:32.598 : 0000071.png - PSNR: 28.09 dB
24-02-23 15:09:32.664 : 0000072.png - PSNR: 26.63 dB
24-02-23 15:09:32.747 : 0000073.png - PSNR: 22.08 dB
24-02-23 15:09:32.834 : 0000074.png - PSNR: 27.29 dB
24-02-23 15:09:32.908 : 0000075.png - PSNR: 28.74 dB
24-02-23 15:09:32.997 : 0000076.png - PSNR: 22.98 dB
24-02-23 15:09:33.054 : 0000077.png - PSNR: 24.39 dB
24-02-23 15:09:33.113 : 0000078.png - PSNR: 26.06 dB
24-02-23 15:09:33.182 : 0000079.png - PSNR: 24.34 dB
24-02-23 15:09:33.261 : 0000080.png - PSNR: 24.21 dB
24-02-23 15:09:33.339 : 0000081.png - PSNR: 23.76 dB
24-02-23 15:09:33.414 : 0000082.png - PSNR: 19.72 dB
24-02-23 15:09:33.492 : 0000083.png - PSNR: 30.02 dB
24-02-23 15:09:33.557 : 0000084.png - PSNR: 31.76 dB
24-02-23 15:09:33.600 : 0000085.png - PSNR: 24.99 dB
24-02-23 15:09:33.667 : 0000086.png - PSNR: 27.15 dB
24-02-23 15:09:33.736 : 0000087.png - PSNR: 31.17 dB
24-02-23 15:09:33.821 : 0000088.png - PSNR: 29.92 dB
24-02-23 15:09:33.886 : 0000089.png - PSNR: 22.64 dB
24-02-23 15:09:33.955 : 0000090.png - PSNR: 21.38 dB
24-02-23 15:09:34.033 : 0000091.png - PSNR: 22.00 dB
24-02-23 15:09:34.123 : 0000092.png - PSNR: 18.92 dB
24-02-23 15:09:34.184 : 0000093.png - PSNR: 24.84 dB
24-02-23 15:09:34.239 : 0000094.png - PSNR: 22.82 dB
24-02-23 15:09:34.298 : 0000095.png - PSNR: 26.51 dB
24-02-23 15:09:34.391 : 0000096.png - PSNR: 29.56 dB
24-02-23 15:09:34.457 : 0000097.png - PSNR: 30.50 dB
24-02-23 15:09:34.620 : 0000098.png - PSNR: 24.14 dB
24-02-23 15:09:34.717 : 0000099.png - PSNR: 21.66 dB
24-02-23 15:09:34.796 : 0000100.png - PSNR: 25.18 dB
24-02-23 15:09:34.949 : 0801.png - PSNR: 29.38 dB
24-02-23 15:09:35.120 : 0802.png - PSNR: 35.22 dB
24-02-23 15:09:35.321 : 0803.png - PSNR: 40.27 dB
24-02-23 15:09:35.500 : 0804.png - PSNR: 27.39 dB
24-02-23 15:09:35.677 : 0805.png - PSNR: 28.55 dB
24-02-23 15:09:35.860 : 0806.png - PSNR: 28.29 dB
24-02-23 15:09:36.019 : 0807.png - PSNR: 20.22 dB
24-02-23 15:09:36.183 : 0808.png - PSNR: 26.78 dB
24-02-23 15:09:36.359 : 0809.png - PSNR: 32.21 dB
24-02-23 15:09:36.559 : 0810.png - PSNR: 26.76 dB
24-02-23 15:09:36.740 : 0811.png - PSNR: 29.11 dB
24-02-23 15:09:36.942 : 0812.png - PSNR: 27.97 dB
24-02-23 15:09:37.132 : 0813.png - PSNR: 31.35 dB
24-02-23 15:09:37.303 : 0814.png - PSNR: 28.25 dB
24-02-23 15:09:37.456 : 0815.png - PSNR: 33.96 dB
24-02-23 15:09:37.633 : 0816.png - PSNR: 31.69 dB
24-02-23 15:09:37.826 : 0817.png - PSNR: 32.14 dB
24-02-23 15:09:38.022 : 0818.png - PSNR: 28.88 dB
24-02-23 15:09:38.200 : 0819.png - PSNR: 28.03 dB
24-02-23 15:09:38.387 : 0820.png - PSNR: 24.91 dB
24-02-23 15:09:38.575 : 0821.png - PSNR: 32.21 dB
24-02-23 15:09:38.787 : 0822.png - PSNR: 30.60 dB
24-02-23 15:09:38.969 : 0823.png - PSNR: 26.02 dB
24-02-23 15:09:39.133 : 0824.png - PSNR: 28.39 dB
24-02-23 15:09:39.315 : 0825.png - PSNR: 27.36 dB
24-02-23 15:09:39.515 : 0826.png - PSNR: 24.21 dB
24-02-23 15:09:39.712 : 0827.png - PSNR: 33.61 dB
24-02-23 15:09:39.894 : 0828.png - PSNR: 21.67 dB
24-02-23 15:09:40.064 : 0829.png - PSNR: 26.57 dB
24-02-23 15:09:40.201 : 0830.png - PSNR: 24.54 dB
24-02-23 15:09:40.351 : 0831.png - PSNR: 30.19 dB
24-02-23 15:09:40.550 : 0832.png - PSNR: 30.56 dB
24-02-23 15:09:40.747 : 0833.png - PSNR: 34.21 dB
24-02-23 15:09:40.911 : 0834.png - PSNR: 25.42 dB
24-02-23 15:09:41.106 : 0835.png - PSNR: 22.87 dB
24-02-23 15:09:41.306 : 0836.png - PSNR: 25.90 dB
24-02-23 15:09:41.492 : 0837.png - PSNR: 26.20 dB
24-02-23 15:09:41.668 : 0838.png - PSNR: 37.76 dB
24-02-23 15:09:41.843 : 0839.png - PSNR: 29.10 dB
24-02-23 15:09:42.005 : 0840.png - PSNR: 28.37 dB
24-02-23 15:09:42.184 : 0841.png - PSNR: 28.12 dB
24-02-23 15:09:42.352 : 0842.png - PSNR: 29.79 dB
24-02-23 15:09:42.501 : 0843.png - PSNR: 40.98 dB
24-02-23 15:09:42.642 : 0844.png - PSNR: 44.13 dB
24-02-23 15:09:42.802 : 0845.png - PSNR: 24.15 dB
24-02-23 15:09:42.982 : 0846.png - PSNR: 25.62 dB
24-02-23 15:09:43.155 : 0847.png - PSNR: 27.65 dB
24-02-23 15:09:43.350 : 0848.png - PSNR: 27.24 dB
24-02-23 15:09:43.541 : 0849.png - PSNR: 22.25 dB
24-02-23 15:09:43.725 : 0850.png - PSNR: 29.06 dB
24-02-23 15:09:43.902 : 0851.png - PSNR: 28.42 dB
24-02-23 15:09:44.047 : 0852.png - PSNR: 29.98 dB
24-02-23 15:09:44.204 : 0853.png - PSNR: 34.10 dB
24-02-23 15:09:44.351 : 0854.png - PSNR: 24.92 dB
24-02-23 15:09:44.571 : 0855.png - PSNR: 29.39 dB
24-02-23 15:09:44.777 : 0856.png - PSNR: 24.30 dB
24-02-23 15:09:44.952 : 0857.png - PSNR: 34.92 dB
24-02-23 15:09:45.124 : 0858.png - PSNR: 28.53 dB
24-02-23 15:09:45.300 : 0859.png - PSNR: 25.31 dB
24-02-23 15:09:45.502 : 0860.png - PSNR: 20.55 dB
24-02-23 15:09:45.702 : 0861.png - PSNR: 23.03 dB
24-02-23 15:09:45.871 : 0862.png - PSNR: 33.17 dB
24-02-23 15:09:46.059 : 0863.png - PSNR: 33.23 dB
24-02-23 15:09:46.238 : 0864.png - PSNR: 29.95 dB
24-02-23 15:09:46.438 : 0865.png - PSNR: 27.30 dB
24-02-23 15:09:46.627 : 0866.png - PSNR: 25.00 dB
24-02-23 15:09:46.814 : 0867.png - PSNR: 28.50 dB
24-02-23 15:09:46.970 : 0868.png - PSNR: 32.76 dB
24-02-23 15:09:47.106 : 0869.png - PSNR: 23.70 dB
24-02-23 15:09:47.314 : 0870.png - PSNR: 28.58 dB
24-02-23 15:09:47.500 : 0871.png - PSNR: 32.09 dB
24-02-23 15:09:47.675 : 0872.png - PSNR: 24.02 dB
24-02-23 15:09:47.867 : 0873.png - PSNR: 24.04 dB
24-02-23 15:09:48.046 : 0874.png - PSNR: 30.11 dB
24-02-23 15:09:48.261 : 0875.png - PSNR: 24.39 dB
24-02-23 15:09:48.453 : 0876.png - PSNR: 22.09 dB
24-02-23 15:09:48.610 : 0877.png - PSNR: 40.28 dB
24-02-23 15:09:48.803 : 0878.png - PSNR: 32.20 dB
24-02-23 15:09:49.047 : 0879.png - PSNR: 27.32 dB
24-02-23 15:09:49.231 : 0880.png - PSNR: 32.11 dB
24-02-23 15:09:49.386 : 0881.png - PSNR: 25.90 dB
24-02-23 15:09:49.559 : 0882.png - PSNR: 34.19 dB
24-02-23 15:09:49.756 : 0883.png - PSNR: 26.37 dB
24-02-23 15:09:49.940 : 0884.png - PSNR: 25.89 dB
24-02-23 15:09:50.132 : 0885.png - PSNR: 22.94 dB
24-02-23 15:09:50.302 : 0886.png - PSNR: 36.37 dB
24-02-23 15:09:50.481 : 0887.png - PSNR: 25.26 dB
24-02-23 15:09:50.659 : 0888.png - PSNR: 30.57 dB
24-02-23 15:09:50.854 : 0889.png - PSNR: 30.87 dB
24-02-23 15:09:51.027 : 0890.png - PSNR: 25.27 dB
24-02-23 15:09:51.236 : 0891.png - PSNR: 26.91 dB
24-02-23 15:09:51.421 : 0892.png - PSNR: 29.94 dB
24-02-23 15:09:51.591 : 0893.png - PSNR: 33.23 dB
24-02-23 15:09:51.771 : 0894.png - PSNR: 31.75 dB
24-02-23 15:09:51.939 : 0895.png - PSNR: 20.40 dB
24-02-23 15:09:52.109 : 0896.png - PSNR: 39.03 dB
24-02-23 15:09:52.273 : 0897.png - PSNR: 22.14 dB
24-02-23 15:09:52.449 : 0898.png - PSNR: 34.43 dB
24-02-23 15:09:52.624 : 0899.png - PSNR: 31.04 dB
24-02-23 15:09:52.800 : 0900.png - PSNR: 28.13 dB
24-02-23 15:09:52.857 :       Max Memory : 671.171 [M]
24-02-23 15:09:52.858 : ------> Average runtime of (valid) is : 13.049974 milliseconds
24-02-23 15:09:52.858 : ------> Average PSNR of (valid) is : 26.897107 dB
24-02-23 15:09:52.866 :     #Activations : 174.0308 [M]
24-02-23 15:09:52.866 :          #Conv2d : 158
24-02-23 15:09:52.973 :            FLOPs : 5.8063 [G]
24-02-23 15:09:52.973 :          #Params : 0.0897 [M]
